<?xml version="1.0" encoding="UTF-8"?>
<!-- Generated by org.testng.reporters.JUnitReportReporter -->
<testsuite hostname="DESKTOP-L0I2KU8" failures="0" tests="1" name="tests.TextBoxTest" time="31.734" errors="0" timestamp="2024-09-10T20:25:32 ICT" skipped="0">
  <testcase classname="tests.TextBoxTest" name="SubmitSuccessfully" time="31.734"/>
  <system-out/>
</testsuite> <!-- tests.TextBoxTest -->
